Flow report for Laboratorio4
<<<<<<< Updated upstream
Wed Oct 13 09:14:11 2021
=======
Wed Oct 13 08:51:22 2021
>>>>>>> Stashed changes
Quartus Prime Version 20.1.1 Build 720 11/11/2020 SJ Lite Edition


---------------------
; Table of Contents ;
---------------------
  1. Legal Notice
  2. Flow Summary
  3. Flow Settings
  4. Flow Non-Default Global Settings
  5. Flow Elapsed Time
  6. Flow OS Summary
  7. Flow Log
  8. Flow Messages
  9. Flow Suppressed Messages



----------------
; Legal Notice ;
----------------
Copyright (C) 2020  Intel Corporation. All rights reserved.
Your use of Intel Corporation's design tools, logic functions 
and other software and tools, and any partner logic 
functions, and any output files from any of the foregoing 
(including device programming or simulation files), and any 
associated documentation or information are expressly subject 
to the terms and conditions of the Intel Program License 
Subscription Agreement, the Intel Quartus Prime License Agreement,
the Intel FPGA IP License Agreement, or other applicable license
agreement, including, without limitation, that your use is for
the sole purpose of programming logic devices manufactured by
Intel and sold by Intel or its authorized distributors.  Please
refer to the applicable agreement for further details, at
https://fpgasoftware.intel.com/eula.



+-------------------------------------------------------------------------------+
; Flow Summary                                                                  ;
+---------------------------------+---------------------------------------------+
<<<<<<< Updated upstream
; Flow Status                     ; Successful - Wed Oct 13 09:14:10 2021       ;
=======
; Flow Status                     ; Successful - Wed Oct 13 08:51:07 2021       ;
>>>>>>> Stashed changes
; Quartus Prime Version           ; 20.1.1 Build 720 11/11/2020 SJ Lite Edition ;
; Revision Name                   ; Laboratorio4                                ;
; Top-level Entity Name           ; sumador                                     ;
; Family                          ; Cyclone V                                   ;
; Device                          ; 5CSEMA5F31C6                                ;
; Timing Models                   ; Final                                       ;
<<<<<<< Updated upstream
; Logic utilization (in ALMs)     ; N/A                                         ;
; Total registers                 ; 0                                           ;
; Total pins                      ; 28                                          ;
=======
; Logic utilization (in ALMs)     ; 32 / 32,070 ( < 1 % )                       ;
; Total registers                 ; 59                                          ;
; Total pins                      ; 15 / 457 ( 3 % )                            ;
>>>>>>> Stashed changes
; Total virtual pins              ; 0                                           ;
; Total block memory bits         ; 0 / 4,065,280 ( 0 % )                       ;
; Total DSP Blocks                ; 0 / 87 ( 0 % )                              ;
; Total HSSI RX PCSs              ; 0                                           ;
; Total HSSI PMA RX Deserializers ; 0                                           ;
; Total HSSI TX PCSs              ; 0                                           ;
; Total HSSI PMA TX Serializers   ; 0                                           ;
; Total PLLs                      ; 0 / 6 ( 0 % )                               ;
; Total DLLs                      ; 0 / 4 ( 0 % )                               ;
+---------------------------------+---------------------------------------------+


+-----------------------------------------+
; Flow Settings                           ;
+-------------------+---------------------+
; Option            ; Setting             ;
+-------------------+---------------------+
<<<<<<< Updated upstream
; Start date & time ; 10/13/2021 09:13:57 ;
=======
; Start date & time ; 10/13/2021 08:48:20 ;
>>>>>>> Stashed changes
; Main task         ; Compilation         ;
; Revision Name     ; Laboratorio4        ;
+-------------------+---------------------+


+-------------------------------------------------------------------------------------------------------------------------+
; Flow Non-Default Global Settings                                                                                        ;
+-------------------------------------+----------------------------------------+---------------+-------------+------------+
; Assignment Name                     ; Value                                  ; Default Value ; Entity Name ; Section Id ;
+-------------------------------------+----------------------------------------+---------------+-------------+------------+
<<<<<<< Updated upstream
; COMPILER_SIGNATURE_ID               ; 52243218829.163413443603084            ; --            ; --          ; --         ;
; PARTITION_COLOR                     ; -- (Not supported for targeted family) ; --            ; prueba      ; Top        ;
; PARTITION_FITTER_PRESERVATION_LEVEL ; -- (Not supported for targeted family) ; --            ; prueba      ; Top        ;
; PARTITION_NETLIST_TYPE              ; -- (Not supported for targeted family) ; --            ; prueba      ; Top        ;
=======
; COMPILER_SIGNATURE_ID               ; 46424948360995.163413649904536         ; --            ; --          ; --         ;
; PARTITION_COLOR                     ; -- (Not supported for targeted family) ; --            ; sumador     ; Top        ;
; PARTITION_FITTER_PRESERVATION_LEVEL ; -- (Not supported for targeted family) ; --            ; sumador     ; Top        ;
; PARTITION_NETLIST_TYPE              ; -- (Not supported for targeted family) ; --            ; sumador     ; Top        ;
>>>>>>> Stashed changes
; PROJECT_OUTPUT_DIRECTORY            ; output_files                           ; --            ; --          ; --         ;
; TOP_LEVEL_ENTITY                    ; sumador                                ; Laboratorio4  ; --          ; --         ;
+-------------------------------------+----------------------------------------+---------------+-------------+------------+


+--------------------------------------------------------------------------------------------------------------------------+
; Flow Elapsed Time                                                                                                        ;
+----------------------+--------------+-------------------------+---------------------+------------------------------------+
; Module Name          ; Elapsed Time ; Average Processors Used ; Peak Virtual Memory ; Total CPU Time (on all processors) ;
+----------------------+--------------+-------------------------+---------------------+------------------------------------+
<<<<<<< Updated upstream
; Analysis & Synthesis ; 00:00:14     ; 1.0                     ; 4783 MB             ; 00:00:17                           ;
; Total                ; 00:00:14     ; --                      ; --                  ; 00:00:17                           ;
=======
; Analysis & Synthesis ; 00:00:43     ; 1.0                     ; 4801 MB             ; 00:00:50                           ;
; Fitter               ; 00:01:43     ; 1.0                     ; 6157 MB             ; 00:01:57                           ;
; Assembler            ; 00:00:16     ; 1.0                     ; 4836 MB             ; 00:00:15                           ;
; Timing Analyzer      ; 00:00:13     ; 1.0                     ; 5082 MB             ; 00:00:11                           ;
; Total                ; 00:02:55     ; --                      ; --                  ; 00:03:13                           ;
>>>>>>> Stashed changes
+----------------------+--------------+-------------------------+---------------------+------------------------------------+


+------------------------------------------------------------------------------------+
; Flow OS Summary                                                                    ;
+----------------------+------------------+------------+------------+----------------+
; Module Name          ; Machine Hostname ; OS Name    ; OS Version ; Processor type ;
+----------------------+------------------+------------+------------+----------------+
; Analysis & Synthesis ; DESKTOP-ERBNQHI  ; Windows 10 ; 10.0       ; x86_64         ;
; Fitter               ; DESKTOP-ERBNQHI  ; Windows 10 ; 10.0       ; x86_64         ;
; Assembler            ; DESKTOP-ERBNQHI  ; Windows 10 ; 10.0       ; x86_64         ;
; Timing Analyzer      ; DESKTOP-ERBNQHI  ; Windows 10 ; 10.0       ; x86_64         ;
+----------------------+------------------+------------+------------+----------------+


------------
; Flow Log ;
------------
quartus_map --read_settings_files=on --write_settings_files=off Laboratorio4 -c Laboratorio4
quartus_fit --read_settings_files=off --write_settings_files=off Laboratorio4 -c Laboratorio4
quartus_asm --read_settings_files=off --write_settings_files=off Laboratorio4 -c Laboratorio4
quartus_sta Laboratorio4 -c Laboratorio4



